[92m[✓] ==================================================[0m
[92m[✓] 🛡️  啟動：投資持股實時對帳與風控監測系統 (0-Token Check)[0m
[92m[✓] 監測日期：2026-05-29 | 目標區域：Taiwan | 資料庫類型：MYSQL[0m
[92m[✓] ==================================================[0m
[94m[*] 目前指定區域無在庫追蹤個股 (Active Portfolio is empty)。[0m
[92m[✓] ==================================================[0m
[92m[✓] ==================================================[0m
[92m[✓] 🛡️  啟動：投資持股實時對帳與風控監測系統 (0-Token Check)[0m
[92m[✓] 監測日期：2026-05-30 | 目標區域：US | 資料庫類型：MYSQL[0m
[92m[✓] ==================================================[0m
[94m[*] 目前指定區域無在庫追蹤個股 (Active Portfolio is empty)。[0m
[92m[✓] ==================================================[0m
[92m[✓] ==================================================[0m
[92m[✓] 🛡️  啟動：投資持股實時對帳與風控監測系統 (0-Token Check)[0m
[92m[✓] 監測日期：2026-06-02 | 目標區域：US | 資料庫類型：MYSQL[0m
[92m[✓] ==================================================[0m
[94m[*] 偵測到目前在庫追蹤標的共 4 檔，開始進行實時對帳與風控檢測...[0m
[94m[*] 📈 NOW       | 現價:   135.86 | 買入:   124.37 | 區間: [115.8 - 137.2] | 未實現損益:  +9.24% ( +919.20 USD)[0m
[94m[*] 📈 MU        | 現價:  1035.50 | 買入:   971.00 | 區間: [751.2 - 1300.7] | 未實現損益:  +6.64% ( +838.50 USD)[0m
[94m[*] 📈 NUE       | 現價:   251.49 | 買入:   250.00 | 區間: [238.0 - 268.0] | 未實現損益:  +0.60% (  +22.35 USD)[0m
[94m[*] 📈 MLM       | 現價:   570.96 | 買入:   581.64 | 區間: [548.0 - 632.0] | 未實現損益:  -1.84% ( -534.00 USD)[0m
[92m[✓] ==================================================[0m
[92m[✓] 🏁 實時持股監測對帳完畢！[0m
[92m[✓] 📊 執行摘要：在庫維持監測 4 檔 | 本次觸發平倉 0 檔[0m
[92m[✓] ==================================================[0m
[94m[*] 📊 正在執行每日組合淨值 (NAV) 結算與風險指標 (Sharpe/Sortino/MDD) 計算...[0m
[92m[✓] [USD] 每日組合淨值結算完成：總資產 (NAV): 121,246.05 | 可用資金: 44,595.40 | 在庫持股價值: 56,650.65[0m
[92m[✓] 📈 [USD] 量化風控回報歸因績效：
   - 觀測交易日天數: 3 天
   - 年化夏普比率 (Sharpe Ratio): +15.87
   - 年化索提諾比率 (Sortino Ratio): +99.90
   - 組合最大回撤 (Max Drawdown):   0.00%[0m
[92m[✓] ==================================================[0m
