$8046.TW: possibly delisted; no price data found  (period=1y)
[92m[✓] ==================================================[0m
[92m[✓] 🚀 歡迎使用：投資研究代理人自動化研報系統 (CLI)[0m
[92m[✓] 執行日期：2026-05-30 | 目標市場：US, Taiwan[0m
[92m[✓] ==================================================[0m
[92m[✓] ==================================================[0m
[92m[✓] 🛡️  啟動：投資持股實時對帳與風控監測系統 (0-Token Check)[0m
[92m[✓] 監測日期：2026-05-30 | 目標區域：ALL (全域) | 資料庫類型：MYSQL[0m
[92m[✓] ==================================================[0m
[94m[*] 目前指定區域無在庫追蹤個股 (Active Portfolio is empty)。[0m
[92m[✓] ==================================================[0m
[94m[*] 
==================================================[0m
[94m[*] 📍 啟動國家/區域獨立分析：美股 (US)[0m
[94m[*] ==================================================[0m
[94m[*] [US] 正在啟動區域專屬歷史回測與決策反思...[0m
[94m[*] [US] 目前尚無歷史持股紀錄，跳過本週自我反思。[0m
[94m[*] ==================================================[0m
[94m[*] 開始分析區域市場：美股 (US)...[0m
[94m[*] [美股] 正在執行總體經濟分析...[0m
[94m[*] [美股] 正在進行板塊強度排序與資金流向分析...[0m
[94m[*] [美股] 本週焦點強勢板塊 ETF：XLK, XLB[0m
[*] [Screener] 載入 XLK 成分股快取清單 (共 20 檔標的)。
[*] [Screener] 開始對 XLK 的成分股進行量化因子計算與篩選...
[✓] [Screener] XLK 動態量化篩選完成！挑選出前 5 強勢飆股：
    1. Micron Technology, Inc. (MU) - 5日漲幅: 27.41%, 量能增幅: 1.08x, 評分: 20.26
    2. ServiceNow, Inc. (NOW) - 5日漲幅: 24.76%, 量能增幅: 2.18x, 評分: 19.51
    3. International Business Machines Corporation (IBM) - 5日漲幅: 17.72%, 量能增幅: 3.08x, 評分: 15.41
    4. Oracle Corporation (ORCL) - 5日漲幅: 18.98%, 量能增幅: 1.93x, 評分: 15.21
    5. QUALCOMM Incorporated (QCOM) - 5日漲幅: 17.62%, 量能增幅: 0.99x, 評分: 13.32
[94m[*] [美股] 板塊 XLK 配置為投資旗下成分股 (target_type: constituents)。[0m
[94m[*] [美股] 🔍 正在對目標標的進行深度研究：Micron Technology, Inc. (MU)...[0m
[94m[*]    - 消息面分析中...[0m
[94m[*]    - 基本面估值與決策修正中...[0m
[✓] 預算代理人：已為 MU 動態分配預算 14565.00 USD (購買整數股：15 股，現價：971.00)。
[✓] 預算代理人：已成功將 MU 的買入交易紀錄寫入流水帳本。
[92m[✓] 標的 MU 推薦參數與預算已成功寫入回測帳本！(現價: 971.00 | 分配預算: 14565.00 | 股數: 15.00)[0m
[94m[*] [美股] 🔍 正在對目標標的進行深度研究：ServiceNow, Inc. (NOW)...[0m
[94m[*]    - 消息面分析中...[0m
[94m[*]    - 基本面估值與決策修正中...[0m
[✓] 預算代理人：已為 NOW 動態分配預算 8457.16 USD (購買整數股：68 股，現價：124.37)。
[✓] 預算代理人：已成功將 NOW 的買入交易紀錄寫入流水帳本。
[92m[✓] 標的 NOW 推薦參數與預算已成功寫入回測帳本！(現價: 124.37 | 分配預算: 8457.16 | 股數: 68.00)[0m
[*] [Screener] 載入 XLB 成分股快取清單 (共 18 檔標的)。
[*] [Screener] 開始對 XLB 的成分股進行量化因子計算與篩選...
[✓] [Screener] XLB 動態量化篩選完成！挑選出前 5 強勢飆股：
    1. Nucor Corporation (NUE) - 5日漲幅: 10.40%, 量能增幅: 1.05x, 評分: 8.33
    2. Martin Marietta Materials, Inc. (MLM) - 5日漲幅: 8.12%, 量能增幅: 1.57x, 評分: 7.26
    3. Vulcan Materials Company (VMC) - 5日漲幅: 8.17%, 量能增幅: 1.32x, 評分: 7.04
    4. The Mosaic Company (MOS) - 5日漲幅: 8.93%, 量能增幅: 0.71x, 評分: 6.96
    5. PPG Industries, Inc. (PPG) - 5日漲幅: 5.96%, 量能增幅: 0.63x, 評分: 4.80
[94m[*] [美股] 板塊 XLB 配置為投資旗下成分股 (target_type: constituents)。[0m
[94m[*] [美股] 🔍 正在對目標標的進行深度研究：Nucor Corporation (NUE)...[0m
[94m[*]    - 消息面分析中...[0m
[94m[*]    - 基本面估值與決策修正中...[0m
[✓] 預算代理人：已為 NUE 動態分配預算 7500.00 USD (購買整數股：30 股，現價：250.00)。
[✓] 預算代理人：已成功將 NUE 的買入交易紀錄寫入流水帳本。
[92m[✓] 標的 NUE 推薦參數與預算已成功寫入回測帳本！(現價: 250.00 | 分配預算: 7500.00 | 股數: 30.00)[0m
[94m[*] [美股] 🔍 正在對目標標的進行深度研究：Martin Marietta Materials, Inc. (MLM)...[0m
[94m[*]    - 消息面分析中...[0m
[94m[*]    - 基本面估值與決策修正中...[0m
[✓] 預算代理人：已為 MLM 動態分配預算 2908.20 USD (購買整數股：5 股，現價：581.64)。
[✓] 預算代理人：已成功將 MLM 的買入交易紀錄寫入流水帳本。
[92m[✓] 標的 MLM 推薦參數與預算已成功寫入回測帳本！(現價: 581.64 | 分配預算: 2908.20 | 股數: 5.00)[0m
[94m[*] ✍ 正在調度總編輯代理人 (WriterAgent) 進行【美股】專用策略週報撰寫...[0m
[92m[✓] 🎉 恭喜！【美股】專區投資決策白皮書已成功產出並存檔！[0m
[92m[✓] 💾 Markdown 存檔路徑：/mnt/p/linux/investment-analyst-agent/data/reports/2026-05-30/2026-05-30_100010_US_ZH.md[0m
[92m[✓] 💾 HTML 存檔路徑：/mnt/p/linux/investment-analyst-agent/data/reports/2026-05-30/2026-05-30_100010_US_ZH.html[0m
[94m[*] 
==================================================[0m
[94m[*] 📍 啟動國家/區域獨立分析：台股 (Taiwan)[0m
[94m[*] ==================================================[0m
[94m[*] [Taiwan] 正在啟動區域專屬歷史回測與決策反思...[0m
[94m[*] [Taiwan] 目前尚無歷史持股紀錄，跳過本週自我反思。[0m
[94m[*] ==================================================[0m
[94m[*] 開始分析區域市場：台股 (Taiwan)...[0m
[94m[*] [台股] 正在執行總體經濟分析...[0m
[94m[*] [台股] 正在進行板塊強度排序與資金流向分析...[0m
[94m[*] [台股] 本週焦點強勢板塊 ETF：0050.TW, 0052.TW[0m
[94m[*] [台股] 板塊 0050.TW 配置為直接投資 ETF 標的 (target_type: proxy)。[0m
[94m[*] [台股] 🔍 正在對目標標的進行深度研究：元大台灣50 (Broad Market) (0050.TW)...[0m
[94m[*]    - 消息面分析中...[0m
[94m[*]    - 基本面估值與決策修正中...[0m
[✓] 預算代理人：已為 0050.TW 動態分配預算 199943.80 TWD (購買整數股：1897 股，現價：105.40)。
[✓] 預算代理人：已成功將 0050.TW 的買入交易紀錄寫入流水帳本。
[92m[✓] 標的 0050.TW 推薦參數與預算已成功寫入回測帳本！(現價: 105.40 | 分配預算: 199943.80 | 股數: 1897.00)[0m
[*] [Screener] 載入 0052.TW 成分股快取清單 (共 24 檔標的)。
[*] [Screener] 開始對 0052.TW 的成分股進行量化因子計算與篩選...
[✓] [Screener] 0052.TW 動態量化篩選完成！挑選出前 5 強勢飆股：
    1. Powertech Technology Inc. (6239.TW) - 5日漲幅: 33.92%, 量能增幅: 0.52x, 評分: 24.26
    2. Formosa Sumco Technology Corporation (3532.TW) - 5日漲幅: 28.37%, 量能增幅: 0.31x, 評分: 20.17
    3. United Microelectronics Corporation (2303.TW) - 5日漲幅: 26.75%, 量能增幅: 1.26x, 評分: 19.99
    4. Hon Hai Precision Industry Co., Ltd. (2317.TW) - 5日漲幅: 15.60%, 量能增幅: 2.84x, 評分: 13.76
    5. Delta Electronics, Inc. (2308.TW) - 5日漲幅: 16.71%, 量能增幅: 1.53x, 評分: 13.22
[94m[*] [台股] 板塊 0052.TW 配置為投資旗下成分股 (target_type: constituents)。[0m
[94m[*] [台股] 🔍 正在對目標標的進行深度研究：Powertech Technology Inc. (6239.TW)...[0m
[94m[*]    - 消息面分析中...[0m
[94m[*]    - 基本面估值與決策修正中...[0m
[✓] 預算代理人：已為 6239.TW 動態分配預算 119764.00 TWD (購買整數股：316 股，現價：379.00)。
[✓] 預算代理人：已成功將 6239.TW 的買入交易紀錄寫入流水帳本。
[92m[✓] 標的 6239.TW 推薦參數與預算已成功寫入回測帳本！(現價: 379.00 | 分配預算: 119764.00 | 股數: 316.00)[0m
[94m[*] [台股] 🔍 正在對目標標的進行深度研究：Formosa Sumco Technology Corporation (3532.TW)...[0m
[94m[*]    - 消息面分析中...[0m
[94m[*]    - 基本面估值與決策修正中...[0m
[✓] 預算代理人：已為 3532.TW 動態分配預算 67947.00 TWD (購買整數股：213 股，現價：319.00)。
[✓] 預算代理人：已成功將 3532.TW 的買入交易紀錄寫入流水帳本。
[92m[✓] 標的 3532.TW 推薦參數與預算已成功寫入回測帳本！(現價: 319.00 | 分配預算: 67947.00 | 股數: 213.00)[0m
[94m[*] ✍ 正在調度總編輯代理人 (WriterAgent) 進行【台股】專用策略週報撰寫...[0m
[92m[✓] 🎉 恭喜！【台股】專區投資決策白皮書已成功產出並存檔！[0m
[92m[✓] 💾 Markdown 存檔路徑：/mnt/p/linux/investment-analyst-agent/data/reports/2026-05-30/2026-05-30_100010_Taiwan_ZH.md[0m
[92m[✓] 💾 HTML 存檔路徑：/mnt/p/linux/investment-analyst-agent/data/reports/2026-05-30/2026-05-30_100010_Taiwan_ZH.html[0m
[94m[*] 
==================================================[0m
[94m[*] 📊 正在產出「量化動態選股掃描決策報告」...[0m
[94m[*] ==================================================[0m
[92m[✓] 🎉 恭喜！量化選股掃描報告已成功產出並存檔！[0m
[92m[✓] 💾 Markdown 存檔路徑：/mnt/p/linux/investment-analyst-agent/data/reports/2026-05-30/2026-05-30_100010_screener_report_ZH.md[0m
[92m[✓] 💾 HTML 存檔路徑：/mnt/p/linux/investment-analyst-agent/data/reports/2026-05-30/2026-05-30_100010_screener_report_ZH.html[0m
[92m[✓] 💾 報告已成功同步寫入 MYSQL 數據庫。[0m
[92m[✓] 
==================================================[0m
[92m[✓] 🏁 投資策略研報與選股掃描 Pipeline 全數執行完畢！[0m
[92m[✓] ==================================================[0m
